# Logfile created on Tue Jun 26 21:02:53 +0100 2012 by logger.rb/22285
D, [2012-06-26T21:19:38.690426 #19043] DEBUG -- : running command mkdir vmtmp-
D, [2012-06-26T21:19:38.692324 #19043] DEBUG -- : running command kvm-img create -fraw ldnx.img 3G
D, [2012-06-26T21:19:38.721183 #19043] DEBUG -- : running command losetup /dev/loop0 ldnx.img
D, [2012-06-26T21:19:38.724089 #19043] DEBUG -- : running command parted -sm /dev/loop0 mklabel msdos
D, [2012-06-26T21:19:38.751699 #19043] DEBUG -- : running command parted -sm /dev/loop0 mkpart primary ext3 1 100%
D, [2012-06-26T21:19:38.764197 #19043] DEBUG -- : running command kpartx -a -v /dev/loop0
D, [2012-06-26T21:19:38.770571 #19043] DEBUG -- : running command mkfs.ext4 /dev/mapper/loop0p1
D, [2012-06-26T21:19:39.505397 #19043] DEBUG -- : running command losetup /dev/loop1 /dev/mapper/loop0p1
D, [2012-06-26T21:19:39.507459 #19043] DEBUG -- : running command mount /dev/loop1 vmtmp-
D, [2012-06-26T21:19:39.514487 #19043] DEBUG -- : running command debootstrap --arch amd64 precise vmtmp- http://aptproxy:3142/ubuntu
E, [2012-06-26T21:19:42.566771 #19043] ERROR -- : command debootstrap --arch amd64 precise vmtmp- http://aptproxy:3142/ubuntu returned non-zero error code (Exception)
./../lib/provision/image/commands.rb:8:in `cmd'
./../lib/../lib/config/ubuntuprecise.rb:38
./../lib/provision/image/catalogue.rb:81:in `call'
./../lib/provision/image/catalogue.rb:81:in `execute'
./../lib/provision/image/catalogue.rb:74:in `each'
./../lib/provision/image/catalogue.rb:74:in `execute'
./../lib/provision/image/service.rb:11:in `build_image'
./../lib/provision/core/provisioning_service.rb:24:in `provision_vm'
./../lib/provision.rb:16:in `vm'
./provision:35
D, [2012-06-26T21:19:42.567111 #19043] DEBUG -- : running command chroot vmtmp- /bin/bash -c '/etc/init.d/acpid stop'
E, [2012-06-26T21:19:42.572661 #19043] ERROR -- : command chroot vmtmp- /bin/bash -c '/etc/init.d/acpid stop' returned non-zero error code (Exception)
./../lib/provision/image/commands.rb:8:in `cmd'
./../lib/provision/image/commands.rb:13:in `chroot'
./../lib/provision/image/catalogue.rb:12:in `send'
./../lib/provision/image/catalogue.rb:12:in `method_missing'
./../lib/../lib/config/ubuntuprecise.rb:133
./../lib/provision/image/catalogue.rb:58:in `instance_eval'
./../lib/provision/image/catalogue.rb:58:in `cleanup'
./../lib/provision/image/catalogue.rb:104:in `call'
./../lib/provision/image/catalogue.rb:104:in `execute'
./../lib/provision/image/catalogue.rb:102:in `each'
./../lib/provision/image/catalogue.rb:102:in `execute'
./../lib/provision/image/service.rb:11:in `build_image'
./../lib/provision/core/provisioning_service.rb:24:in `provision_vm'
./../lib/provision.rb:16:in `vm'
./provision:35
D, [2012-06-26T21:19:42.572873 #19043] DEBUG -- : running command chroot vmtmp- /bin/bash -c '/etc/init.d/cron stop'
E, [2012-06-26T21:19:42.576843 #19043] ERROR -- : command chroot vmtmp- /bin/bash -c '/etc/init.d/cron stop' returned non-zero error code (Exception)
./../lib/provision/image/commands.rb:8:in `cmd'
./../lib/provision/image/commands.rb:13:in `chroot'
./../lib/provision/image/catalogue.rb:12:in `send'
./../lib/provision/image/catalogue.rb:12:in `method_missing'
./../lib/../lib/config/ubuntuprecise.rb:134
./../lib/provision/image/catalogue.rb:58:in `instance_eval'
./../lib/provision/image/catalogue.rb:58:in `cleanup'
./../lib/provision/image/catalogue.rb:104:in `call'
./../lib/provision/image/catalogue.rb:104:in `execute'
./../lib/provision/image/catalogue.rb:102:in `each'
./../lib/provision/image/catalogue.rb:102:in `execute'
./../lib/provision/image/service.rb:11:in `build_image'
./../lib/provision/core/provisioning_service.rb:24:in `provision_vm'
./../lib/provision.rb:16:in `vm'
./provision:35
D, [2012-06-26T21:19:42.577070 #19043] DEBUG -- : running command chroot vmtmp- /bin/bash -c 'umount /proc'
E, [2012-06-26T21:19:42.581060 #19043] ERROR -- : command chroot vmtmp- /bin/bash -c 'umount /proc' returned non-zero error code (Exception)
./../lib/provision/image/commands.rb:8:in `cmd'
./../lib/provision/image/commands.rb:13:in `chroot'
./../lib/provision/image/catalogue.rb:12:in `send'
./../lib/provision/image/catalogue.rb:12:in `method_missing'
./../lib/../lib/config/ubuntuprecise.rb:50
./../lib/provision/image/catalogue.rb:58:in `instance_eval'
./../lib/provision/image/catalogue.rb:58:in `cleanup'
./../lib/provision/image/catalogue.rb:104:in `call'
./../lib/provision/image/catalogue.rb:104:in `execute'
./../lib/provision/image/catalogue.rb:102:in `each'
./../lib/provision/image/catalogue.rb:102:in `execute'
./../lib/provision/image/service.rb:11:in `build_image'
./../lib/provision/core/provisioning_service.rb:24:in `provision_vm'
./../lib/provision.rb:16:in `vm'
./provision:35
D, [2012-06-26T21:19:42.581306 #19043] DEBUG -- : running command chroot vmtmp- /bin/bash -c 'umount /sys'
E, [2012-06-26T21:19:42.585775 #19043] ERROR -- : command chroot vmtmp- /bin/bash -c 'umount /sys' returned non-zero error code (Exception)
./../lib/provision/image/commands.rb:8:in `cmd'
./../lib/provision/image/commands.rb:13:in `chroot'
./../lib/provision/image/catalogue.rb:12:in `send'
./../lib/provision/image/catalogue.rb:12:in `method_missing'
./../lib/../lib/config/ubuntuprecise.rb:51
./../lib/provision/image/catalogue.rb:58:in `instance_eval'
./../lib/provision/image/catalogue.rb:58:in `cleanup'
./../lib/provision/image/catalogue.rb:104:in `call'
./../lib/provision/image/catalogue.rb:104:in `execute'
./../lib/provision/image/catalogue.rb:102:in `each'
./../lib/provision/image/catalogue.rb:102:in `execute'
./../lib/provision/image/service.rb:11:in `build_image'
./../lib/provision/core/provisioning_service.rb:24:in `provision_vm'
./../lib/provision.rb:16:in `vm'
./provision:35
D, [2012-06-26T21:19:42.586100 #19043] DEBUG -- : running command sleep 1; umount vmtmp-/dev
E, [2012-06-26T21:19:43.596040 #19043] ERROR -- : command sleep 1; umount vmtmp-/dev returned non-zero error code (Exception)
./../lib/provision/image/commands.rb:8:in `cmd'
./../lib/provision/image/catalogue.rb:12:in `send'
./../lib/provision/image/catalogue.rb:12:in `method_missing'
./../lib/../lib/config/ubuntuprecise.rb:52
./../lib/provision/image/catalogue.rb:58:in `instance_eval'
./../lib/provision/image/catalogue.rb:58:in `cleanup'
./../lib/provision/image/catalogue.rb:104:in `call'
./../lib/provision/image/catalogue.rb:104:in `execute'
./../lib/provision/image/catalogue.rb:102:in `each'
./../lib/provision/image/catalogue.rb:102:in `execute'
./../lib/provision/image/service.rb:11:in `build_image'
./../lib/provision/core/provisioning_service.rb:24:in `provision_vm'
./../lib/provision.rb:16:in `vm'
./provision:35
D, [2012-06-26T21:19:43.596327 #19043] DEBUG -- : running command umount /dev/loop1
D, [2012-06-26T21:19:43.724279 #19043] DEBUG -- : running command losetup -d /dev/loop1
D, [2012-06-26T21:19:43.731529 #19043] DEBUG -- : running command kpartx -d /dev/loop0
D, [2012-06-26T21:19:43.803657 #19043] DEBUG -- : running command losetup -d /dev/loop0
D, [2012-06-26T21:19:43.807793 #19043] DEBUG -- : running command rmdir vmtmp-
D, [2012-06-26T21:20:11.638798 #19197] DEBUG -- : running command mkdir vmtmp-
D, [2012-06-26T21:20:11.640924 #19197] DEBUG -- : running command kvm-img create -fraw ldnx.img 3G
D, [2012-06-26T21:20:11.653651 #19197] DEBUG -- : running command losetup /dev/loop0 ldnx.img
D, [2012-06-26T21:20:11.657210 #19197] DEBUG -- : running command parted -sm /dev/loop0 mklabel msdos
D, [2012-06-26T21:20:11.677976 #19197] DEBUG -- : running command parted -sm /dev/loop0 mkpart primary ext3 1 100%
D, [2012-06-26T21:20:11.686279 #19197] DEBUG -- : running command kpartx -a -v /dev/loop0
D, [2012-06-26T21:20:11.692864 #19197] DEBUG -- : running command mkfs.ext4 /dev/mapper/loop0p1
D, [2012-06-26T21:20:12.434202 #19197] DEBUG -- : running command losetup /dev/loop1 /dev/mapper/loop0p1
D, [2012-06-26T21:20:12.436295 #19197] DEBUG -- : running command mount /dev/loop1 vmtmp-
D, [2012-06-26T21:20:12.438876 #19197] DEBUG -- : running command debootstrap --arch amd64 precise vmtmp- http://aptproxy:3142/ubuntu
E, [2012-06-26T21:20:15.476837 #19197] ERROR -- : command debootstrap --arch amd64 precise vmtmp- http://aptproxy:3142/ubuntu returned non-zero error code (Exception)
./../lib/provision/image/commands.rb:8:in `cmd'
./../lib/../lib/config/ubuntuprecise.rb:38
./../lib/provision/image/catalogue.rb:81:in `call'
./../lib/provision/image/catalogue.rb:81:in `execute'
./../lib/provision/image/catalogue.rb:74:in `each'
./../lib/provision/image/catalogue.rb:74:in `execute'
./../lib/provision/image/service.rb:11:in `build_image'
./../lib/provision/core/provisioning_service.rb:24:in `provision_vm'
./../lib/provision.rb:16:in `vm'
./provision:35
D, [2012-06-26T21:20:15.477218 #19197] DEBUG -- : running command chroot vmtmp- /bin/bash -c '/etc/init.d/acpid stop'
E, [2012-06-26T21:20:15.481312 #19197] ERROR -- : command chroot vmtmp- /bin/bash -c '/etc/init.d/acpid stop' returned non-zero error code (Exception)
./../lib/provision/image/commands.rb:8:in `cmd'
./../lib/provision/image/commands.rb:13:in `chroot'
./../lib/provision/image/catalogue.rb:12:in `send'
./../lib/provision/image/catalogue.rb:12:in `method_missing'
./../lib/../lib/config/ubuntuprecise.rb:133
./../lib/provision/image/catalogue.rb:58:in `instance_eval'
./../lib/provision/image/catalogue.rb:58:in `cleanup'
./../lib/provision/image/catalogue.rb:104:in `call'
./../lib/provision/image/catalogue.rb:104:in `execute'
./../lib/provision/image/catalogue.rb:102:in `each'
./../lib/provision/image/catalogue.rb:102:in `execute'
./../lib/provision/image/service.rb:11:in `build_image'
./../lib/provision/core/provisioning_service.rb:24:in `provision_vm'
./../lib/provision.rb:16:in `vm'
./provision:35
D, [2012-06-26T21:20:15.481518 #19197] DEBUG -- : running command chroot vmtmp- /bin/bash -c '/etc/init.d/cron stop'
E, [2012-06-26T21:20:15.485371 #19197] ERROR -- : command chroot vmtmp- /bin/bash -c '/etc/init.d/cron stop' returned non-zero error code (Exception)
./../lib/provision/image/commands.rb:8:in `cmd'
./../lib/provision/image/commands.rb:13:in `chroot'
./../lib/provision/image/catalogue.rb:12:in `send'
./../lib/provision/image/catalogue.rb:12:in `method_missing'
./../lib/../lib/config/ubuntuprecise.rb:134
./../lib/provision/image/catalogue.rb:58:in `instance_eval'
./../lib/provision/image/catalogue.rb:58:in `cleanup'
./../lib/provision/image/catalogue.rb:104:in `call'
./../lib/provision/image/catalogue.rb:104:in `execute'
./../lib/provision/image/catalogue.rb:102:in `each'
./../lib/provision/image/catalogue.rb:102:in `execute'
./../lib/provision/image/service.rb:11:in `build_image'
./../lib/provision/core/provisioning_service.rb:24:in `provision_vm'
./../lib/provision.rb:16:in `vm'
./provision:35
D, [2012-06-26T21:20:15.485680 #19197] DEBUG -- : running command chroot vmtmp- /bin/bash -c 'umount /proc'
E, [2012-06-26T21:20:15.489787 #19197] ERROR -- : command chroot vmtmp- /bin/bash -c 'umount /proc' returned non-zero error code (Exception)
./../lib/provision/image/commands.rb:8:in `cmd'
./../lib/provision/image/commands.rb:13:in `chroot'
./../lib/provision/image/catalogue.rb:12:in `send'
./../lib/provision/image/catalogue.rb:12:in `method_missing'
./../lib/../lib/config/ubuntuprecise.rb:50
./../lib/provision/image/catalogue.rb:58:in `instance_eval'
./../lib/provision/image/catalogue.rb:58:in `cleanup'
./../lib/provision/image/catalogue.rb:104:in `call'
./../lib/provision/image/catalogue.rb:104:in `execute'
./../lib/provision/image/catalogue.rb:102:in `each'
./../lib/provision/image/catalogue.rb:102:in `execute'
./../lib/provision/image/service.rb:11:in `build_image'
./../lib/provision/core/provisioning_service.rb:24:in `provision_vm'
./../lib/provision.rb:16:in `vm'
./provision:35
D, [2012-06-26T21:20:15.489993 #19197] DEBUG -- : running command chroot vmtmp- /bin/bash -c 'umount /sys'
E, [2012-06-26T21:20:15.494156 #19197] ERROR -- : command chroot vmtmp- /bin/bash -c 'umount /sys' returned non-zero error code (Exception)
./../lib/provision/image/commands.rb:8:in `cmd'
./../lib/provision/image/commands.rb:13:in `chroot'
./../lib/provision/image/catalogue.rb:12:in `send'
./../lib/provision/image/catalogue.rb:12:in `method_missing'
./../lib/../lib/config/ubuntuprecise.rb:51
./../lib/provision/image/catalogue.rb:58:in `instance_eval'
./../lib/provision/image/catalogue.rb:58:in `cleanup'
./../lib/provision/image/catalogue.rb:104:in `call'
./../lib/provision/image/catalogue.rb:104:in `execute'
./../lib/provision/image/catalogue.rb:102:in `each'
./../lib/provision/image/catalogue.rb:102:in `execute'
./../lib/provision/image/service.rb:11:in `build_image'
./../lib/provision/core/provisioning_service.rb:24:in `provision_vm'
./../lib/provision.rb:16:in `vm'
./provision:35
D, [2012-06-26T21:20:15.494510 #19197] DEBUG -- : running command sleep 1; umount vmtmp-/dev
E, [2012-06-26T21:20:16.500190 #19197] ERROR -- : command sleep 1; umount vmtmp-/dev returned non-zero error code (Exception)
./../lib/provision/image/commands.rb:8:in `cmd'
./../lib/provision/image/catalogue.rb:12:in `send'
./../lib/provision/image/catalogue.rb:12:in `method_missing'
./../lib/../lib/config/ubuntuprecise.rb:52
./../lib/provision/image/catalogue.rb:58:in `instance_eval'
./../lib/provision/image/catalogue.rb:58:in `cleanup'
./../lib/provision/image/catalogue.rb:104:in `call'
./../lib/provision/image/catalogue.rb:104:in `execute'
./../lib/provision/image/catalogue.rb:102:in `each'
./../lib/provision/image/catalogue.rb:102:in `execute'
./../lib/provision/image/service.rb:11:in `build_image'
./../lib/provision/core/provisioning_service.rb:24:in `provision_vm'
./../lib/provision.rb:16:in `vm'
./provision:35
D, [2012-06-26T21:20:16.500462 #19197] DEBUG -- : running command umount /dev/loop1
D, [2012-06-26T21:20:16.614112 #19197] DEBUG -- : running command losetup -d /dev/loop1
D, [2012-06-26T21:20:16.619165 #19197] DEBUG -- : running command kpartx -d /dev/loop0
D, [2012-06-26T21:20:16.683524 #19197] DEBUG -- : running command losetup -d /dev/loop0
D, [2012-06-26T21:20:16.687884 #19197] DEBUG -- : running command rmdir vmtmp-
